<?xml version="1.0" encoding="UTF-8"?>
<testng-results ignored="0" total="1" passed="1" failed="0" skipped="0">
  <reporter-output>
  </reporter-output>
  <suite started-at="2024-08-25T09:51:38 IST" name="Default suite" finished-at="2024-08-25T09:51:43 IST" duration-ms="5236">
    <groups>
    </groups>
    <test started-at="2024-08-25T09:51:38 IST" name="Default test" finished-at="2024-08-25T09:51:43 IST" duration-ms="5236">
      <class name="com.Testscrips.swaglabs.Login_swaglabs">
        <test-method is-config="true" signature="Config()[pri:0, instance:com.Testscrips.swaglabs.Login_swaglabs@4b45a2f5]" started-at="2024-08-25T09:51:38 IST" name="Config" finished-at="2024-08-25T09:51:42 IST" duration-ms="4111" status="PASS">
          <reporter-output>
          </reporter-output>
        </test-method> <!-- Config -->
        <test-method signature="login()[pri:0, instance:com.Testscrips.swaglabs.Login_swaglabs@4b45a2f5]" started-at="2024-08-25T09:51:42 IST" name="login" finished-at="2024-08-25T09:51:43 IST" duration-ms="717" status="PASS">
          <reporter-output>
          </reporter-output>
        </test-method> <!-- login -->
        <test-method is-config="true" signature="close()[pri:0, instance:com.Testscrips.swaglabs.Login_swaglabs@4b45a2f5]" started-at="2024-08-25T09:51:43 IST" name="close" finished-at="2024-08-25T09:51:43 IST" duration-ms="299" status="PASS">
          <reporter-output>
          </reporter-output>
        </test-method> <!-- close -->
      </class> <!-- com.Testscrips.swaglabs.Login_swaglabs -->
    </test> <!-- Default test -->
  </suite> <!-- Default suite -->
</testng-results>
